<?xml version="1.0" encoding="UTF-8"?>
<!-- Generated by org.testng.reporters.JUnitReportReporter -->
<testsuite hostname="DESKTOP-U1VNJ3I" failures="0" tests="1" name="com.ab.testLayer.AddtoCartFunctionalty" time="39.405" errors="0" timestamp="2023-04-16T09:49:34 IST" skipped="0">
  <testcase classname="com.ab.testLayer.AddtoCartFunctionalty" name="addToCartTest" time="39.405"/>
  <system-out/>
</testsuite> <!-- com.ab.testLayer.AddtoCartFunctionalty -->
