<?xml version="1.0" encoding="UTF-8"?>
<!-- Generated by org.testng.reporters.JUnitReportReporter -->
<testsuite hostname="DESKTOP-U1VNJ3I" failures="0" tests="1" name="com.ab.testLayer.AddtoCartFunctionaltyTest" time="26.305" errors="0" timestamp="2023-04-27T11:20:47 IST" skipped="0">
  <testcase classname="com.ab.testLayer.AddtoCartFunctionaltyTest" name="addToCartTest" time="26.305"/>
  <system-out/>
</testsuite> <!-- com.ab.testLayer.AddtoCartFunctionaltyTest -->
