<?xml version="1.0" encoding="UTF-8"?>
<!-- Generated by org.testng.reporters.JUnitReportReporter -->
<testsuite hostname="DESKTOP-U1VNJ3I" failures="0" tests="1" name="com.ab.baseTest.BaseTestEbay" time="0.066" errors="0" timestamp="2023-04-14T11:18:52 IST" skipped="0">
  <testcase classname="com.ab.baseTest.BaseTestEbay" name="initialiseBrowser" time="0.066"/>
  <system-out/>
</testsuite> <!-- com.ab.baseTest.BaseTestEbay -->
