<?xml version="1.0" encoding="UTF-8"?>
<!-- Generated by org.testng.reporters.JUnitReportReporter -->
<testsuite hostname="DESKTOP-U1VNJ3I" failures="0" tests="1" name="com.ab.testLayer.BrokenLinkTest" time="48.077" errors="0" timestamp="2023-04-16T12:44:37 IST" skipped="0">
  <testcase classname="com.ab.testLayer.BrokenLinkTest" name="checkAllFooterLinks" time="48.077"/>
  <system-out/>
</testsuite> <!-- com.ab.testLayer.BrokenLinkTest -->
