<?xml version="1.0" encoding="UTF-8"?>
<!-- Generated by org.testng.reporters.JUnitReportReporter -->
<testsuite hostname="DESKTOP-U1VNJ3I" failures="0" tests="1" name="com.ab.testLayer.AddtoCartFunctionaltyTest" time="127.857" errors="0" timestamp="2023-04-27T10:30:57 IST" skipped="0">
  <testcase classname="com.ab.testLayer.AddtoCartFunctionaltyTest" name="addToCartTest" time="127.857"/>
  <system-out/>
</testsuite> <!-- com.ab.testLayer.AddtoCartFunctionaltyTest -->
