<?xml version="1.0" encoding="UTF-8"?>
<!-- Generated by org.testng.reporters.JUnitReportReporter -->
<testsuite hostname="DESKTOP-U1VNJ3I" failures="0" tests="1" name="com.ab.testLayer.BrokenLinkTest" time="38.937" errors="0" timestamp="2023-04-16T11:44:40 IST" skipped="0">
  <testcase classname="com.ab.testLayer.BrokenLinkTest" name="checkAllFooterLinks" time="38.937"/>
  <system-out/>
</testsuite> <!-- com.ab.testLayer.BrokenLinkTest -->
