<?xml version="1.0" encoding="UTF-8"?>
<!-- Generated by org.testng.reporters.JUnitReportReporter -->
<testsuite hostname="DESKTOP-U1VNJ3I" failures="0" tests="1" name="com.ab.testLayer.BrokenLinkTest" time="103.081" errors="0" timestamp="2023-04-27T10:44:14 IST" skipped="0">
  <testcase classname="com.ab.testLayer.BrokenLinkTest" name="checkAllFooterLinks" time="103.081"/>
  <system-out/>
</testsuite> <!-- com.ab.testLayer.BrokenLinkTest -->
